      *===============================================
      * ERROR EN ARCHIVO DE ACTIVIDADES DE IMPUESTOS
      *-----------------------------------------------
       I-O-ACTI  SECTION.
           USE AFTER STANDARD ERROR PROCEDURE ON ACTI.
       I-O-CREAACTI.
           DISPLAY SPACES LINE 25 POSITION 1 SIZE 80.
           DISPLAY " ERROR -" LINE 25 POSITION 1
                      REVERSE.
           DISPLAY ERRORES LINE 25 POSITION 9 REVERSE.
           DISPLAY "- EN ARCH.ACTI   - LO CREA ? [ ]"
                  LINE 25 POSITION 11 REVERSE.
       OPCION-ACTI.
           ACCEPT COD1 LINE 25 POSITION 41 REVERSE.
           IF COD1 = "S" OR COD1 = "s" OPEN OUTPUT ACTI
                                       CLOSE ACTI
                                       OPEN I-O ACTI
                                       GO TO FIN-ACTI.
           IF COD1 = "N" OR COD1 = "n" STOP RUN.
           IF COD1 NOT = "N" OR COD1 NOT = "n"
                   GO TO OPCION-ACTI.
       FIN-ACTI.
           DISPLAY SPACES SIZE 70 LINE 25 POSITION 1.
      *-------------------------------------------------
      * SISTEMA: -GESTION COMERCIAL - (ERRORES)
      * NOMBRE RUTINA: ACTI.ERR
      * VERSION: 001   FECHA: OCT'92
      *=================================================


