      *===============================================
      * ERROR EN ARCHIVO DE ARETIRAR
      *-----------------------------------------------
       I-O-ARETIRAR SECTION.
           USE AFTER STANDARD ERROR PROCEDURE ON ARETIRAR.
       I-O-CREAARETIRAR.
           DISPLAY SPACES LINE 25 POSITION 1 SIZE 80.
           DISPLAY " ERROR -" LINE 25 POSITION 1
                      REVERSE.
           DISPLAY ERRORES LINE 25 POSITION 9 REVERSE.
           DISPLAY "- EN ARCH.ARETIRAR - LO CREA ? [ ]"
                  LINE 25 POSITION 11 REVERSE.
       OPCION-ARETIRAR.
           ACCEPT COD1 LINE 25 POSITION 41 REVERSE.
           IF COD1 = "S" OR COD1 = "s" OPEN OUTPUT ARETIRAR
                                       CLOSE ARETIRAR
                                       OPEN I-O ARETIRAR
                                       GO TO FIN-ARETIRAR.
           IF COD1 = "N" OR COD1 = "n" STOP RUN.
           IF COD1 NOT = "N" OR COD1 NOT = "n"
                   GO TO OPCION-ARETIRAR.
       FIN-ARETIRAR.
           DISPLAY SPACES SIZE 70 LINE 25 POSITION 1.
      *-------------------------------------------------
      * SISTEMA: -GESTION COMERCIAL- (ERRORES)
      * NOMBRE RUTINA: EMPRE.ERR
      * VERSION: 001   FECHA: ENE'93
      *=================================================


