      *===============================================
      * ERROR EN ARCHIVO DE ART02C
      *-----------------------------------------------
       I-O-ART02C  SECTION.
           USE AFTER STANDARD ERROR PROCEDURE ON ART02C.
       I-O-CREAART02C.
           DISPLAY SPACES LINE 25 POSITION 1 SIZE 80.
           DISPLAY " ERROR -" LINE 25 POSITION 1
                      REVERSE.
           DISPLAY ERRORES LINE 25 POSITION 9 REVERSE.
           DISPLAY "- EN ARCH.ART02C - LO CREA ? [ ]"
                  LINE 25 POSITION 11 REVERSE.
       OPCION-ART02C.
           ACCEPT COD1 LINE 25 POSITION 41 REVERSE.
           IF COD1 = "S" OR COD1 = "s" OPEN OUTPUT ART02C
                                       CLOSE ART02C
                                       OPEN I-O ART02C
                                       GO TO FIN-ART02C.
           IF COD1 = "N" OR COD1 = "n" STOP RUN.
           IF COD1 NOT = "N" OR COD1 NOT = "n"
                   GO TO OPCION-ART02C.
       FIN-ART02C.
           DISPLAY SPACES SIZE 70 LINE 25 POSITION 1.
      *-------------------------------------------------
      * SISTEMA: -GESTION COMERCIAL- (ERRORES)
      * NOMBRE RUTINA: ART02C.ERR
      * VERSION: 001   FECHA: JUL'90
      *=================================================


