      *===============================================
      * ERROR EN ARCHIVO DE ART02
      *-----------------------------------------------
       I-O-ART02  SECTION.
           USE AFTER STANDARD ERROR PROCEDURE ON ART02.
       I-O-CREAART02.
           DISPLAY SPACES LINE 25 POSITION 1 SIZE 80.
           DISPLAY " ERROR -" LINE 25 POSITION 1
                      REVERSE.
           DISPLAY ERRORES LINE 25 POSITION 9 REVERSE.
           DISPLAY "- EN ARCH.ART02  - LO CREA ? [ ]"
                  LINE 25 POSITION 11 REVERSE.
       OPCION-ART02.
           ACCEPT COD1 LINE 25 POSITION 41 REVERSE.
           IF COD1 = "S" OR COD1 = "s" OPEN OUTPUT ART02
                                       CLOSE ART02
                                       OPEN I-O ART02
                                       GO TO FIN-ART02.
           IF COD1 = "N" OR COD1 = "n" STOP RUN.
           IF COD1 NOT = "N" OR COD1 NOT = "n"
                   GO TO OPCION-ART02.
       FIN-ART02.
           DISPLAY SPACES SIZE 70 LINE 25 POSITION 1.
      *-------------------------------------------------
      * SISTEMA: -GESTION COMERCIAL- (ERRORES)
      * NOMBRE RUTINA: ART02.ERR
      * VERSION: 001   FECHA: JUL'90
      *=================================================


