      *===============================================
      * ERROR EN ARCHIVO DE ART02A
      *-----------------------------------------------
       I-O-ART02A  SECTION.
           USE AFTER STANDARD ERROR PROCEDURE ON ART02A.
       I-O-CREAART02A.
           DISPLAY SPACES LINE 25 POSITION 1 SIZE 80.
           DISPLAY " ERROR -" LINE 25 POSITION 1
                      REVERSE.
           DISPLAY ERRORES LINE 25 POSITION 9 REVERSE.
           DISPLAY "- EN ARCH.ART02A - LO CREA ? [ ]"
                  LINE 25 POSITION 11 REVERSE.
       OPCION-ART02A.
           ACCEPT COD1 LINE 25 POSITION 41 REVERSE.
           IF COD1 = "S" OR COD1 = "s" OPEN OUTPUT ART02A
                                       CLOSE ART02A
                                       OPEN I-O ART02A
                                       GO TO FIN-ART02A.
           IF COD1 = "N" OR COD1 = "n" STOP RUN.
           IF COD1 NOT = "N" OR COD1 NOT = "n"
                   GO TO OPCION-ART02A.
       FIN-ART02A.
           DISPLAY SPACES SIZE 70 LINE 25 POSITION 1.
      *-------------------------------------------------
      * SISTEMA: -GESTION COMERCIAL- (ERRORES)
      * NOMBRE RUTINA: ART02A.ERR
      * VERSION: 001   FECHA: JUL'90
      *=================================================


