      *===============================================
      * ERROR EN ARCHIVO DE ART01
      *-----------------------------------------------
       I-O-ART01  SECTION.
           USE AFTER STANDARD ERROR PROCEDURE ON ART01.
       I-O-CREAART01.
           DISPLAY SPACES LINE 25 POSITION 1 SIZE 80.
           DISPLAY " ERROR -" LINE 25 POSITION 1
                      REVERSE.
           DISPLAY ERRORES LINE 25 POSITION 9 REVERSE.
           DISPLAY "- EN ARCH.ART01  - LO CREA ? [ ]"
                  LINE 25 POSITION 11 REVERSE.
       OPCION-ART01.
           ACCEPT COD1 LINE 25 POSITION 41 REVERSE.
           IF COD1 = "S" OR COD1 = "s" OPEN OUTPUT ART01
                                       CLOSE ART01
                                       OPEN I-O ART01
                                       GO TO FIN-ART01.
           IF COD1 = "N" OR COD1 = "n" STOP RUN.
           IF COD1 NOT = "N" OR COD1 NOT = "n"
                   GO TO OPCION-ART01.
       FIN-ART01.
           DISPLAY SPACES SIZE 70 LINE 25 POSITION 1.
      *-------------------------------------------------
      * SISTEMA: -GESTION COMERCIAL- (ERRORES)
      * NOMBRE RUTINA: ART01.ERR
      * VERSION: 001   FECHA: JUL'90
      *=================================================


