      *===============================================
      * ERROR EN ARCHIVO DE BCO
      *-----------------------------------------------
       I-O-BCO SECTION.
           USE AFTER STANDARD ERROR PROCEDURE ON BCO.
       I-O-CREABCO.
           DISPLAY SPACES LINE 25 POSITION 1 SIZE 80.
           DISPLAY " ERROR -" LINE 25 POSITION 1
                      REVERSE.
           DISPLAY ERRORES LINE 25 POSITION 9 REVERSE.
           DISPLAY "- EN ARCH.BCO - LO CREA ? [ ]"
                  LINE 25 POSITION 11 REVERSE.
       OPCION-BCO.
           ACCEPT COD1 LINE 25 POSITION 41 REVERSE.
           IF COD1 = "S" OR COD1 = "s" OPEN OUTPUT BCO
                                       CLOSE BCO
                                       OPEN I-O BCO
                                       GO TO FIN-BCO.
           IF COD1 = "N" OR COD1 = "n" STOP RUN.
           IF COD1 NOT = "N" OR COD1 NOT = "n"
                   GO TO OPCION-BCO.
       FIN-BCO.
           DISPLAY SPACES SIZE 70 LINE 25 POSITION 1.
      *-------------------------------------------------
      * SISTEMA: -GESTION COMERCIAL- (ERRORES)
      * NOMBRE RUTINA: COMPRO.ERR
      * VERSION: 001   FECHA: ENE'91
      *=================================================


