      *===============================================
      * ERROR EN ARCHIVO DE CACETES
      *-----------------------------------------------
       I-O-CACETES SECTION.
           USE AFTER STANDARD ERROR PROCEDURE ON CACETES.
       I-O-CREACACETES.
           DISPLAY SPACES LINE 25 POSITION 1 SIZE 80.
           DISPLAY " ERROR -" LINE 25 POSITION 1
                      REVERSE.
           DISPLAY ERRORES LINE 25 POSITION 9 REVERSE.
           DISPLAY "- EN ARCH.CACETES - LO CREA ? [ ]"
                  LINE 25 POSITION 11 REVERSE.
       OPCION-CACETES.
           ACCEPT COD1 LINE 25 POSITION 41 REVERSE.
           IF COD1 = "S" OR COD1 = "s" OPEN OUTPUT CACETES
                                       CLOSE CACETES
                                       OPEN I-O CACETES
                                       GO TO FIN-CACETES.
           IF COD1 = "N" OR COD1 = "n" STOP RUN.
           IF COD1 NOT = "N" OR COD1 NOT = "n"
                   GO TO OPCION-CACETES.
       FIN-CACETES.
           DISPLAY SPACES SIZE 70 LINE 25 POSITION 1.
