      *===============================================
      * ERROR EN ARCHIVO DE CAJA
      *-----------------------------------------------
       I-O-CAJA  SECTION.
           USE AFTER STANDARD ERROR PROCEDURE ON CAJA.
       I-O-CREACAJA.
           DISPLAY SPACES LINE 25 POSITION 1 SIZE 80.
           DISPLAY " ERROR -" LINE 25 POSITION 1
                      REVERSE.
           DISPLAY ERRORES LINE 25 POSITION 9 REVERSE.
           DISPLAY "- EN ARCH. CAJA  - LO CREA ? [ ]"
                  LINE 25 POSITION 11 REVERSE.
       OPCION-CAJA.
           ACCEPT COD1 LINE 25 POSITION 41 REVERSE.
           IF COD1 = "S" OR COD1 = "s" OPEN OUTPUT CAJA
                                       CLOSE CAJA
                                       OPEN I-O CAJA
                                       GO TO FIN-CAJA.
           IF COD1 = "N" OR COD1 = "n" STOP RUN.
           IF COD1 NOT = "N" OR COD1 NOT = "n"
                   GO TO OPCION-CAJA.
       FIN-CAJA.
           DISPLAY SPACES SIZE 70 LINE 25 POSITION 1.
      *-------------------------------------------------
      * SISTEMA: -CONTABILIDAD GENERAL- (ERRORES)
      * NOMBRE RUTINA: CAJA.ERR
      * VERSION: 001   FECHA: OCT'90
      *=================================================


