      *===============================================
      * ERROR EN ARCHIVO DE CHEQUES
      *-----------------------------------------------
       I-O-CHEQUES SECTION.
           USE AFTER STANDARD ERROR PROCEDURE ON CHEQUES.
       I-O-CREACHEQUES.
           DISPLAY SPACES LINE 25 POSITION 1 SIZE 80.
           DISPLAY " ERROR -" LINE 25 POSITION 1
                      REVERSE.
           DISPLAY ERRORES LINE 25 POSITION 9 REVERSE.
           DISPLAY "- EN ARCH.CHEQUES - LO CREA ? [ ]"
                  LINE 25 POSITION 11 REVERSE.
       OPCION-CHEQUES.
           ACCEPT COD1 LINE 25 POSITION 41 REVERSE.
           IF COD1 = "S" OR COD1 = "s" OPEN OUTPUT CHEQUES
                                       CLOSE CHEQUES
                                       OPEN I-O CHEQUES
                                       GO TO FIN-CHEQUES.
           IF COD1 = "N" OR COD1 = "n" STOP RUN.
           IF COD1 NOT = "N" OR COD1 NOT = "n"
                   GO TO OPCION-CHEQUES.
       FIN-CHEQUES.
           DISPLAY SPACES SIZE 70 LINE 25 POSITION 1.
      *-------------------------------------------------
      * SISTEMA: -GESTION COMERCIAL- (ERRORES)
      * NOMBRE RUTINA: COMPRO.ERR
      * VERSION: 001   FECHA: ENE'91
      *=================================================


