      *===============================================
      * ERROR EN ARCHIVO DE CONDICIONES
      *-----------------------------------------------
       I-O-CONDI  SECTION.
           USE AFTER STANDARD ERROR PROCEDURE ON CONDI.
       I-O-CREACONDI.
           DISPLAY " SE PRODUCE ERROR " LINE 25 POSITION 1
                      REVERSE.
           DISPLAY ERRORES LINE 25 POSITION 22 REVERSE.
           DISPLAY " EN ARCH. CONDIC. - LO CREO? [ ]"
                  LINE 25 POSITION 24 REVERSE.
       OPCION-CONDI.
           ACCEPT COD1 LINE 25 POSITION 54 REVERSE.
           IF COD1 = "S" OR COD1 = "s" OPEN OUTPUT CONDI
                                       CLOSE CONDI
                                       OPEN I-O CONDI
                                       GO TO FIN-CONDI.
           IF COD1 = "N" OR COD1 = "n" STOP RUN.
           IF COD1 NOT = "N" OR COD1 NOT = "n"
                   GO TO OPCION-CONDI.
       FIN-CONDI.
           DISPLAY SPACES SIZE 70 LINE 25 POSITION 1.
      *-------------------------------------------------
      * SISTEMA: -GESTION COMERCIAL- (ERRORES)
      * NOMBRE RUTINA: CONDI.ERR
      * VERSION: 001   FECHA: ENE'91
      *=================================================


