      *===============================================
      * ERROR EN ARCHIVO DE CUENTAS ALFABETICA
      *-----------------------------------------------
       I-O-CTAAL SECTION.
           USE AFTER STANDARD ERROR PROCEDURE ON CTAAL.
       I-O-CREACTAAL.
           MOVE SPACES TO MEN-1 MEN-2 MEN-3 MEN-4 MEN-5.
           PERFORM MENS-PAN.
           DISPLAY " ERROR -" LINE 25 POSITION 1
                      REVERSE.
           DISPLAY ERRORES LINE 25 POSITION 9 REVERSE.
           DISPLAY "- EN ARCH.CTAAL - LO CREA ?  [ ]"
                  LINE 25 POSITION 11 REVERSE.
       OPC-CTAAL.
           ACCEPT COD1 LINE 25 POSITION 41 REVERSE.
           IF COD1 = "S" OR COD1 = "s" OPEN OUTPUT CTAAL
                                       CLOSE CTAAL
                                       OPEN I-O CTAAL
                                       GO TO FIN-CTAAL.
           IF COD1 = "N" OR COD1 = "n" STOP RUN.
           IF COD1 NOT = "N" OR COD1 NOT = "n"
                   GO TO OPC-CTAAL.
       FIN-CTAAL.
           DISPLAY SPACES SIZE 70 LINE 25 POSITION 1.
      *-------------------------------------------------
      * SISTEMA: -GESTION COMERCIAL- (ERRORES)
      * NOMBRE RUTINA: CTAAL.ERR
      * VERSION: 001   FECHA: ENE'91
      *=================================================


