      *===============================================
      * ERROR EN ARCHIVO DE CUENTAS
      *-----------------------------------------------
       I-O-CUENTAS SECTION.
           USE AFTER STANDARD ERROR PROCEDURE ON CUENTAS.
       I-O-CREACTAS.
      *     MOVE SPACES TO MEN-1 MEN-2 MEN-3 MEN-4 MEN-5.
      *     PERFORM MENS-PAN.
           DISPLAY " ERROR -" LINE 25 POSITION 1
                      REVERSE.
           DISPLAY ERRORES LINE 25 POSITION 9 REVERSE.
           DISPLAY "- EN ARCH.CUENTA- LO CREA ?  [ ]"
                  LINE 25 POSITION 11 REVERSE.
       OPC-CUENTAS.
           ACCEPT COD1 LINE 25 POSITION 41 REVERSE.
           IF COD1 = "S" OR COD1 = "s" OPEN OUTPUT CUENTAS
                                       CLOSE CUENTAS
                                       OPEN I-O CUENTAS
                                       GO TO FIN-CUENTAS.
           IF COD1 = "N" OR COD1 = "n" STOP RUN.
           IF COD1 NOT = "N" OR COD1 NOT = "n"
                   GO TO OPC-CUENTAS.
       FIN-CUENTAS.
           DISPLAY SPACES SIZE 70 LINE 25 POSITION 1.
      *-------------------------------------------------
      * SISTEMA: -GESTION COMERCIAL- (ERRORES)
      * NOMBRE RUTINA: CUENTA.ERR
      * VERSION: 001   FECHA: SET'90
      *=================================================


