      *===============================================
      * ERROR EN ARCHIVO DE ENVASE
      *-----------------------------------------------
       I-O-ENVA  SECTION.
           USE AFTER STANDARD ERROR PROCEDURE ON ENVASE.
       I-O-CREAENVA.
           DISPLAY SPACES LINE 25 POSITION 1 SIZE 80.
           DISPLAY " ERROR -" LINE 25 POSITION 1
                      REVERSE.
           DISPLAY ERRORES LINE 25 POSITION 9 REVERSE.
           DISPLAY "- EN ARCH.ENVASE - LO CREA ? [ ]"
                  LINE 25 POSITION 11 REVERSE.
       OPCION-ENVA.
           ACCEPT COD1 LINE 25 POSITION 41 REVERSE.
           IF COD1 = "S" OR COD1 = "s" OPEN OUTPUT ENVASE
                                       CLOSE ENVASE
                                       OPEN I-O ENVASE
                                       GO TO FIN-ENVA.
           IF COD1 = "N" OR COD1 = "n" STOP RUN.
           IF COD1 NOT = "N" OR COD1 NOT = "n"
                   GO TO OPCION-ENVA.
       FIN-ENVA.
           DISPLAY SPACES SIZE 70 LINE 25 POSITION 1.
      *-------------------------------------------------
      * SISTEMA: -GESTION COMERCIAL- (ERRORES)
      * NOMBRE RUTINA: ENVASE.ERR
      * VERSION: 001   FECHA: ENE'91
      *=================================================


