      *===============================================
      * ERROR EN ARCHIVO DE EST02
      *-----------------------------------------------
       I-O-EST02  SECTION.
           USE AFTER STANDARD ERROR PROCEDURE ON EST02.
       I-O-CREAEST02.
           DISPLAY SPACES LINE 25 POSITION 1 SIZE 80.
           DISPLAY " ERROR -" LINE 25 POSITION 1
                      REVERSE.
           DISPLAY ERRORES LINE 25 POSITION 9 REVERSE.
           DISPLAY "- EN ARCH.EST02  - LO CREA ? [ ]"
                  LINE 25 POSITION 11 REVERSE.
       OPCION-EST02.
           ACCEPT COD1 LINE 25 POSITION 41 REVERSE.
           IF COD1 = "S" OR COD1 = "s" OPEN OUTPUT EST02
                                       CLOSE EST02
                                       OPEN I-O EST02
                                       GO TO FIN-EST02.
           IF COD1 = "N" OR COD1 = "n" STOP RUN.
           IF COD1 NOT = "N" OR COD1 NOT = "n"
                   GO TO OPCION-EST02.
       FIN-EST02.
           DISPLAY SPACES SIZE 70 LINE 25 POSITION 1.
      *-------------------------------------------------
      * SISTEMA: -GESTION COMERCIAL- (ERRORES)
      * NOMBRE RUTINA: EST02.ERR
      * VERSION: 001   FECHA: JUL'90
      *=================================================


