      *===============================================
      * ERROR EN ARCHIVO DE FACTURAS
      *-----------------------------------------------
       I-O-FACTURAS SECTION.
           USE AFTER STANDARD ERROR PROCEDURE ON FACTURAS.
       I-O-CREAFACTURAS.
           DISPLAY SPACES LINE 25 POSITION 1 SIZE 80.
           DISPLAY " ERROR -" LINE 25 POSITION 1
                      REVERSE.
           DISPLAY ERRORES LINE 25 POSITION 9 REVERSE.
           DISPLAY "- EN ARCH.FACTURAS - LO CREA ? [ ]"
                  LINE 25 POSITION 11 REVERSE.
       OPCION-FACTURAS.
           ACCEPT COD1 LINE 25 POSITION 41 REVERSE.
           IF COD1 = "S" OR COD1 = "s" OPEN OUTPUT FACTURAS
                                       CLOSE FACTURAS
                                       OPEN I-O FACTURAS
                                       GO TO FIN-FACTURAS.
           IF COD1 = "N" OR COD1 = "n" STOP RUN.
           IF COD1 NOT = "N" OR COD1 NOT = "n"
                   GO TO OPCION-FACTURAS.
       FIN-FACTURAS.
           DISPLAY SPACES SIZE 70 LINE 25 POSITION 1.
      *-------------------------------------------------
      * SISTEMA: -GESTION COMERCIAL- (ERRORES)
      * NOMBRE RUTINA: COMPRO.ERR
      * VERSION: 001   FECHA: ENE'91
      *=================================================


