      *===============================================
      * ERROR EN ARCHIVO DE IDENTIFICACION UNICA
      *-----------------------------------------------
       I-O-IDENTIF SECTION.
           USE AFTER STANDARD ERROR PROCEDURE ON IDENTIF.
       I-O-CREAIDE.
           MOVE SPACES TO MEN-1 MEN-2 MEN-3 MEN-4 MEN-5.
           PERFORM MENS-PAN.
           DISPLAY " ERROR -" LINE 25 POSITION 1
                      REVERSE.
           DISPLAY ERRORES LINE 25 POSITION 9 REVERSE.
           DISPLAY "- EN ARCH.IDENTIF- LO CREA ? [ ]"
                  LINE 25 POSITION 11 REVERSE.
       OPC-IDE.
           ACCEPT COD1 LINE 25 POSITION 41 REVERSE.
           IF COD1 = "S" OR COD1 = "s" OPEN OUTPUT IDENTIF
                                       CLOSE IDENTIF
                                       OPEN I-O IDENTIF
                                       GO TO FIN-IDE.
           IF COD1 = "N" OR COD1 = "n" STOP RUN.
           IF COD1 NOT = "N" OR COD1 NOT = "n"
                   GO TO OPC-IDE.
       FIN-IDE.
           DISPLAY SPACES SIZE 70 LINE 25 POSITION 1.
      *-------------------------------------------------
      * SISTEMA: -ADM. MUNICIPAL- (ERRORES)
      * NOMBRE RUTINA: IDENTIF.ERR
      * VERSION: 001   FECHA: MAY'91
      *=================================================


