
--------------------------------------------------------------------------------
SISTEMA DE GESTION COMERCIAL                         FECHA: 18/02/10 HORA: 14:12
GUIFFREY MARIA DELFA - SUC:     GUIFFREY MARIA DELFA                            
                      <<< LISTADO ALFABETICO DE MARCAS >>>             HOJA:   1
--------------------------------------------------------------------------------
                                                                                
     NUMERO     ----- DETALLE ------                                            
                                                                                
         8      CAIO                                                            
        74      CONTROLADORA VIDEO                                              
         2      EST                                                             
         1      ESTUDIO                                                         
         4      ESTUDIO = PUBLICO                                               
       256      FORM.CONT.SUELDO x 3                                            
        10      INDULAC                                                         
       600      M.C. 0TITULO                                                    
         3      OTROS INSUMOS Y REP                                             
       307      PANT.ANTIRREF.12"                                               
       308      PANT.ANTIRREF.14"                                               
        75      PLACA GAME                                                      
       362      ROLLO PAP.FAX 21x25                                             
                                                                                
     Son:     13 MARCAS                                                         