      *===============================================
      * ERROR EN ARCHIVO DE IMPRESION 132 COL
      *-----------------------------------------------
       I-O-IMP02 SECTION.
           USE AFTER STANDARD ERROR PROCEDURE ON IMP02.
       I-O-CREAIMP02.
           MOVE SPACES TO MEN-1 MEN-2 MEN-3 MEN-4 MEN-5.
           PERFORM MENS-PAN.
           DISPLAY " ERROR -" LINE 25 POSITION 1
                      REVERSE.
           DISPLAY ERRORES LINE 25 POSITION 9 REVERSE.
           DISPLAY "- EN IMPRESION.- CONTINUA ?  [ ]"
                  LINE 25 POSITION 11 REVERSE.
           DISPLAY " ** CONECTE IMPRESORA ** " LINE 25 POSITION 43
                                 REVERSE BLINK.
       OPCION-IMP02.
           ACCEPT COD1 LINE 25 POSITION 41 REVERSE.
           IF COD1 = "S" OR COD1 = "s" GO TO FIN-IMP02.
           IF COD1 = "N" OR COD1 = "n" STOP RUN.
           IF COD1 NOT = "N" OR COD1 NOT = "n"
                   GO TO OPCION-IMP02.
       FIN-IMP02.
           DISPLAY SPACES SIZE 70 LINE 25 POSITION 1.
      *-------------------------------------------------
      * SISTEMA: -GESTION COMERCIAL- (ERRORES)
      * NOMBRE RUTINA: IMP02.ERR
      * VERSION: 001   FECHA: JUL'90
      *=================================================
