      *===============================================
      * ERROR EN ARCHIVO DE INDICES
      *-----------------------------------------------
       I-O-INDICES SECTION.
           USE AFTER STANDARD ERROR PROCEDURE ON INDICES.
       I-O-CREAIND.
           MOVE SPACES TO MEN-1 MEN-2 MEN-3 MEN-4 MEN-5.
           PERFORM MENS-PAN.
           DISPLAY " ERROR -" LINE 25 POSITION 1
                      REVERSE.
           DISPLAY ERRORES LINE 25 POSITION 9 REVERSE.
           DISPLAY "- EN ARCH.INDICES- LO CREA ? [ ]"
                  LINE 25 POSITION 11 REVERSE.
       OPC-IND.
           ACCEPT COD1 LINE 25 POSITION 41 REVERSE.
           IF COD1 = "S" OR COD1 = "s" OPEN OUTPUT INDICES
                                       CLOSE INDICES
                                       OPEN I-O INDICES
                                       GO TO FIN-IND.
           IF COD1 = "N" OR COD1 = "n" STOP RUN.
           IF COD1 NOT = "N" OR COD1 NOT = "n"
                   GO TO OPC-IND.
       FIN-IND.
           DISPLAY SPACES SIZE 70 LINE 25 POSITION 1.
      *-------------------------------------------------
      * SISTEMA: -ADM. MUNICIPAL- (ERRORES)
      * NOMBRE RUTINA: INDICES.ERR
      * VERSION: 001   FECHA: MAY'91
      *=================================================


