      *===============================================
      * ERROR EN ARCHIVO DE INFORME DGR
      *-----------------------------------------------
       I-O-INF01 SECTION.
           USE AFTER STANDARD ERROR PROCEDURE ON INF01.
       I-O-CREAINF01.
           MOVE SPACES TO MEN-1 MEN-2 MEN-3 MEN-4 MEN-5.
           PERFORM MENS-PAN.
           DISPLAY " ERROR -" LINE 25 POSITION 1
                      REVERSE.
           DISPLAY ERRORES LINE 25 POSITION 9 REVERSE.
           DISPLAY "- EN ARCH.INF01 - LO CREA ?  [ ]"
                  LINE 25 POSITION 11 REVERSE.
       OPC-INF01.
           ACCEPT COD1 LINE 25 POSITION 41 REVERSE.
           IF COD1 = "S" OR COD1 = "s" OPEN OUTPUT INF01
                                       CLOSE INF01
                                       OPEN I-O INF01
                                       GO TO FIN-INF01.
           IF COD1 = "N" OR COD1 = "n" STOP RUN.
           IF COD1 NOT = "N" OR COD1 NOT = "n"
                   GO TO OPC-INF01.
       FIN-INF01.
           DISPLAY SPACES SIZE 70 LINE 25 POSITION 1.
      *-------------------------------------------------
      * SISTEMA: -GESTION COMERCIAL- (ERRORES)
      * NOMBRE RUTINA: INF01.ERR
      * VERSION: 001   FECHA: AGO'93
      *=================================================


