      *===============================================
      * ERROR EN ARCHIVO DE INFORMACION DE OPERACIONES
      *-----------------------------------------------
       I-O-INFOPE3  SECTION.
           USE AFTER STANDARD ERROR PROCEDURE ON INFOPE3.
       I-O-CREAIO3.
           DISPLAY " SE PRODUCE ERROR " LINE 25 POSITION 1
                      REVERSE.
           DISPLAY ERRORES LINE 25 POSITION 22 REVERSE.
           DISPLAY " EN ARCH.INFOPE3. - LO CREO? [ ]"
                  LINE 25 POSITION 24 REVERSE.
       OPCION-IO3.
           ACCEPT COD1 LINE 25 POSITION 54 REVERSE.
           IF COD1 = "S" OR COD1 = "s" OPEN OUTPUT INFOPE3
                                       CLOSE INFOPE3
                                       OPEN I-O INFOPE3
                                       GO TO FIN-IO3.
           IF COD1 = "N" OR COD1 = "n" STOP RUN.
           IF COD1 NOT = "N" OR COD1 NOT = "n"
                   GO TO OPCION-IO3.
       FIN-IO3.
           DISPLAY SPACES SIZE 70 LINE 25 POSITION 1.
      *-------------------------------------------------
      * SISTEMA: -GESTION COMERCIAL- (ERRORES)
      * NOMBRE RUTINA: INFOPE3.ERR
      * VERSION: 001   FECHA: dic'96
      *=================================================


