      *===============================================
      * ERROR EN ARCHIVO DE INSUMOS DIRECTOS DGR
      *-----------------------------------------------
       I-O-INS SECTION.
           USE AFTER STANDARD ERROR PROCEDURE ON INSDIR.
       I-O-CREAINS.
           MOVE SPACES TO MEN-1 MEN-2 MEN-3 MEN-4 MEN-5.
           PERFORM MENS-PAN.
           DISPLAY " ERROR -" LINE 25 POSITION 1
                      REVERSE.
           DISPLAY ERRORES LINE 25 POSITION 9 REVERSE.
           DISPLAY "- EN ARCH.INSDIR- LO CREA ?  [ ]"
                  LINE 25 POSITION 11 REVERSE.
       OPC-INS.
           ACCEPT COD1 LINE 25 POSITION 41 REVERSE.
           IF COD1 = "S" OR COD1 = "s" OPEN OUTPUT INSDIR
                                       CLOSE INSDIR
                                       OPEN I-O INSDIR
                                       GO TO FIN-INS.
           IF COD1 = "N" OR COD1 = "n" STOP RUN.
           IF COD1 NOT = "N" OR COD1 NOT = "n"
                   GO TO OPC-INS.
       FIN-INS.
           DISPLAY SPACES SIZE 70 LINE 25 POSITION 1.
      *-------------------------------------------------
      * SISTEMA: -GESTION COMERCIAL- (ERRORES)
      * NOMBRE RUTINA: INSDIR.ERR
      * VERSION: 001   FECHA: ENE'94
      *=================================================


