      *===============================================
      * ERROR EN ARCHIVO DE IMPUESTO INTERNO
      *-----------------------------------------------
       I-O-INTER  SECTION.
           USE AFTER STANDARD ERROR PROCEDURE ON INTER.
       I-O-CREAINTER.
           DISPLAY SPACES LINE 25 POSITION 1 SIZE 80.
           DISPLAY " ERROR -" LINE 25 POSITION 1
                      REVERSE.
           DISPLAY ERRORES LINE 25 POSITION 9 REVERSE.
           DISPLAY "- EN ARCH.INTER  - LO CREA ? [ ]"
                  LINE 25 POSITION 11 REVERSE.
       OPCION-INTER.
           ACCEPT COD1 LINE 25 POSITION 41 REVERSE.
           IF COD1 = "S" OR COD1 = "s" OPEN OUTPUT INTER
                                       CLOSE INTER
                                       OPEN I-O INTER
                                       GO TO FIN-INTER.
           IF COD1 = "N" OR COD1 = "n" STOP RUN.
           IF COD1 NOT = "N" OR COD1 NOT = "n"
                   GO TO OPCION-INTER.
       FIN-INTER.
           DISPLAY SPACES SIZE 70 LINE 25 POSITION 1.
      *-------------------------------------------------
      * SISTEMA: -GESTION COMERCIAL - (ERRORES)
      * NOMBRE RUTINA: INTER.ERR
      * VERSION: 001   FECHA: OCT'92
      *=================================================


