      *===============================================
      * ERROR EN ARCHIVO DE IVA1
      *-----------------------------------------------
       I-O-IVA1 SECTION.
           USE AFTER STANDARD ERROR PROCEDURE ON IVA1.
       I-O-CREAIVA1.
           MOVE SPACES TO MEN-1 MEN-2 MEN-3 MEN-4 MEN-5.
           PERFORM MENS-PAN.
           DISPLAY " ERROR -" LINE 25 POSITION 1
                      REVERSE.
           DISPLAY ERRORES LINE 25 POSITION 9 REVERSE.
           DISPLAY "- EN ARCH.IVA1  - LO CREA ?  [ ]"
                  LINE 25 POSITION 11 REVERSE.
       OPC-IVA1.
           ACCEPT COD1 LINE 25 POSITION 41 REVERSE.
           IF COD1 = "S" OR COD1 = "s" OPEN OUTPUT IVA1
                                       CLOSE IVA1
                                       OPEN I-O IVA1
                                       GO TO FIN-IVA1.
           IF COD1 = "N" OR COD1 = "n" STOP RUN.
           IF COD1 NOT = "N" OR COD1 NOT = "n"
                   GO TO OPC-IVA1.
       FIN-IVA1.
           DISPLAY SPACES SIZE 70 LINE 25 POSITION 1.
      *-------------------------------------------------
      * SISTEMA: -GESTION COMERCIAL- (ERRORES)
      * NOMBRE RUTINA: IVA1.ERR
      * VERSION: 001   FECHA: DIC'91
      *=================================================


