      *===============================================
      * ERROR EN ARCHIVO DE LACAJA
      *-----------------------------------------------
       I-O-LACAJA SECTION.
           USE AFTER STANDARD ERROR PROCEDURE ON LACAJA.
       I-O-CREACPO.
           DISPLAY " ERROR -" LINE 25 POSITION 1
                      REVERSE.
           DISPLAY ERRORES LINE 25 POSITION 9 REVERSE.
           DISPLAY "- EN ARCH.LACAJA- LO CREA ? [ ]"
                  LINE 25 POSITION 11 REVERSE.
       OPC-CPO.
           ACCEPT COD1 LINE 25 POSITION 41 REVERSE.
           IF COD1 = "S" OR COD1 = "s" OPEN OUTPUT LACAJA
                                       CLOSE LACAJA
                                       OPEN I-O LACAJA
                                       GO TO FIN-CPO.
           IF COD1 = "N" OR COD1 = "n" STOP RUN.
           IF COD1 NOT = "N" OR COD1 NOT = "n"
                   GO TO OPC-CPO.
       FIN-CPO.
           DISPLAY SPACES SIZE 70 LINE 25 POSITION 1.
      *-------------------------------------------------
      * SISTEMA: -FACTURACION
      * NOMBRE RUTINA: LACAJA.ERR
      * VERSION: 001   FECHA: ABR'94
      *=================================================


