      *===============================================
      * ERROR EN ARCHIVO DE RECEP. LECHE
      *-----------------------------------------------
       I-O-LECHE SECTION.
           USE AFTER STANDARD ERROR PROCEDURE ON LECHE.
       I-O-CREALECHE.
           MOVE SPACES TO MEN-1 MEN-2 MEN-3 MEN-4 MEN-5.
           PERFORM MENS-PAN.
           DISPLAY " ERROR -" LINE 25 POSITION 1
                      REVERSE.
           DISPLAY ERRORES LINE 25 POSITION 9 REVERSE.
           DISPLAY "- EN ARCH.LECHE - LO CREA ?  [ ]"
                  LINE 25 POSITION 11 REVERSE.
       OPC-LECHE.
           ACCEPT COD1 LINE 25 POSITION 41 REVERSE.
           IF COD1 = "S" OR COD1 = "s" OPEN OUTPUT LECHE
                                       CLOSE LECHE
                                       OPEN I-O LECHE
                                       GO TO FIN-LECHE.
           IF COD1 = "N" OR COD1 = "n" STOP RUN.
           IF COD1 NOT = "N" OR COD1 NOT = "n"
                   GO TO OPC-LECHE.
       FIN-LECHE.
           DISPLAY SPACES SIZE 70 LINE 25 POSITION 1.
      *-------------------------------------------------
      * SISTEMA: -GESTION COMERCIAL- (ERRORES)
      * NOMBRE RUTINA: LECHE.ERR
      * VERSION: 001   FECHA: FEB'94
      *=================================================


