      *===============================================
      * ERROR EN ARCHIVO DE LINEAS
      *-----------------------------------------------
       I-O-LINEAS SECTION.
           USE AFTER STANDARD ERROR PROCEDURE ON LINEAS.
       I-O-CREALIN.
           MOVE SPACES TO MEN-1 MEN-2 MEN-3 MEN-4 MEN-5.
           PERFORM MENS-PAN.
           DISPLAY " ERROR -" LINE 25 POSITION 1
                      REVERSE.
           DISPLAY ERRORES LINE 25 POSITION 9 REVERSE.
           DISPLAY "- EN ARCH.LINEAS - LO CREA ? [ ]"
                  LINE 25 POSITION 11 REVERSE.
       OPC-LINEAS.
           ACCEPT COD1 LINE 25 POSITION 41 REVERSE.
           IF COD1 = "S" OR COD1 = "s" OPEN OUTPUT LINEAS
                                       CLOSE LINEAS
                                       OPEN I-O LINEAS
                                       GO TO FIN-LINEAS.
           IF COD1 = "N" OR COD1 = "n" STOP RUN.
           IF COD1 NOT = "N" OR COD1 NOT = "n"
                   GO TO OPC-LINEAS.
       FIN-LINEAS.
           DISPLAY SPACES SIZE 70 LINE 25 POSITION 1.
      *-------------------------------------------------
      * SISTEMA: -GESTION COMERCIAL- (ERRORES)
      * NOMBRE RUTINA: LINEAS.ERR
      * VERSION: 001   FECHA: JUL'90
      *=================================================


