      *===============================================
      * ERROR EN ARCHIVO DE LOCALIDADES
      *-----------------------------------------------
       I-O-LOCAL SECTION.
           USE AFTER STANDARD ERROR PROCEDURE ON LOCAL.
       I-O-CREALOCAL.
           MOVE SPACES TO MEN-1 MEN-2 MEN-3 MEN-4 MEN-5.
           PERFORM MENS-PAN.
           DISPLAY " ERROR -" LINE 25 POSITION 1
                      REVERSE.
           DISPLAY ERRORES LINE 25 POSITION 9 REVERSE.
           DISPLAY "- EN ARCH.LOCAL. - LO CREA ? [ ]"
                  LINE 25 POSITION 11 REVERSE.
       OPC-LOCAL.
           ACCEPT COD1 LINE 25 POSITION 41 REVERSE.
           IF COD1 = "S" OR COD1 = "s" OPEN OUTPUT LOCAL
                                       CLOSE LOCAL
                                       OPEN I-O LOCAL
                                       GO TO FIN-LOCAL.
           IF COD1 = "N" OR COD1 = "n" STOP RUN.
           IF COD1 NOT = "N" OR COD1 NOT = "n"
                   GO TO OPC-LOCAL.
       FIN-LOCAL.
           DISPLAY SPACES SIZE 70 LINE 25 POSITION 1.
      *-------------------------------------------------
      * SISTEMA: -GESTION COMERCIAL- (ERRORES)
      * NOMBRE RUTINA: LOCAL.ERR
      * VERSION: 001   FECHA: SET'91 
      *=================================================


