      *===============================================
      * ERROR EN ARCHIVO DE MANEJO
      *-----------------------------------------------
       I-O-MANEJO SECTION.
           USE AFTER STANDARD ERROR PROCEDURE ON MANEJO.
       I-O-CREAMANEJO.
           DISPLAY SPACES LINE 25 POSITION 1 SIZE 80.
           DISPLAY " ERROR -" LINE 25 POSITION 1
                      REVERSE.
           DISPLAY ERRORES LINE 25 POSITION 9 REVERSE.
           DISPLAY "- EN ARCH.MANEJO - LO CREA ? [ ]"
                  LINE 25 POSITION 11 REVERSE.
       OPCION-MANEJO.
           ACCEPT COD1 LINE 25 POSITION 41 REVERSE.
           IF COD1 = "S" OR COD1 = "s" OPEN OUTPUT MANEJO
                                       CLOSE MANEJO
                                       OPEN I-O MANEJO
                                       GO TO FIN-MANEJO.
           IF COD1 = "N" OR COD1 = "n" STOP RUN.
           IF COD1 NOT = "N" OR COD1 NOT = "n"
                   GO TO OPCION-MANEJO.
       FIN-MANEJO.
           DISPLAY SPACES SIZE 70 LINE 25 POSITION 1.
      *-------------------------------------------------
      * SISTEMA: -GESTION COMERCIAL- (ERRORES)
      * NOMBRE RUTINA: EMPRE.ERR
      * VERSION: 001   FECHA: ENE'93
      *=================================================


