      *===============================================
      * ERROR EN ARCHIVO DE MARCAS
      *-----------------------------------------------
       I-O-MARCAS SECTION.
           USE AFTER STANDARD ERROR PROCEDURE ON MARCAS.
       I-O-CREAMAR.
      *     MOVE SPACES TO MEN-1 MEN-2 MEN-3 MEN-4 MEN-5.
      *     PERFORM MENS-PAN.
           DISPLAY SPACES LINE 25 POSITION 1 SIZE 79.
           DISPLAY " ERROR -" LINE 25 POSITION 1
                      REVERSE.
           DISPLAY ERRORES LINE 25 POSITION 9 REVERSE.
           DISPLAY "- EN ARCH.MARCA - LO CREA ?  [ ]"
                  LINE 25 POSITION 11 REVERSE.
       OPC-MARCAS.
           ACCEPT COD1 LINE 25 POSITION 41 REVERSE.
           IF COD1 = "S" OR COD1 = "s" OPEN OUTPUT MARCAS
                                       CLOSE MARCAS
                                       OPEN I-O MARCAS
                                       GO TO FIN-MARCAS.
           IF COD1 = "N" OR COD1 = "n" STOP RUN.
           IF COD1 NOT = "N" OR COD1 NOT = "n"
                   GO TO OPC-MARCAS.
       FIN-MARCAS.
           DISPLAY SPACES SIZE 70 LINE 25 POSITION 1.
      *-------------------------------------------------
      * SISTEMA: -GESTION COMERCIAL- (ERRORES)
      * NOMBRE RUTINA: MARCAS.ERR
      * VERSION: 001   FECHA: JUL'90
      *=================================================


