      *===============================================
      * ERROR EN ARCHIVO DE MEMO (MEMORIAL CAJA)
      *-----------------------------------------------
       I-O-MEMO  SECTION.
           USE AFTER STANDARD ERROR PROCEDURE ON MEMO.
       I-O-CREAMEMO.
           DISPLAY " SE PRODUCE ERROR " LINE 25 POSITION 1
                      REVERSE.
           DISPLAY ERRORES LINE 25 POSITION 22 REVERSE.
           DISPLAY " EN ARCH. MEMO    - LO CREO? [ ]"
                  LINE 25 POSITION 24 REVERSE.
       OPCION-MEMO.
           ACCEPT COD1 LINE 25 POSITION 54 REVERSE.
           IF COD1 = "S" OR COD1 = "s" OPEN OUTPUT MEMO
                                       CLOSE MEMO
                                       OPEN I-O MEMO
                                       GO TO FIN-MEMO.
           IF COD1 = "N" OR COD1 = "n" STOP RUN.
           IF COD1 NOT = "N" OR COD1 NOT = "n"
                   GO TO OPCION-MEMO.
       FIN-MEMO.
           DISPLAY SPACES SIZE 70 LINE 25 POSITION 1.
      *-------------------------------------------------
      * SISTEMA: -GESTION COMERCIAL- (ERRORES)
      * NOMBRE RUTINA: MEMO.ERR
      * VERSION: 001   FECHA: ENE'91
      *=================================================


