      *===============================================
      * ERROR EN ARCHIVO DE NUMEROS DE ASIENTOS
      *-----------------------------------------------
       I-O-NUMASI  SECTION.
           USE AFTER STANDARD ERROR PROCEDURE ON NUMASI.
       I-O-CREANUMASI.
           DISPLAY SPACES LINE 25 POSITION 1 SIZE 80.
           DISPLAY " ERROR -" LINE 25 POSITION 1
                      REVERSE.
           DISPLAY ERRORES LINE 25 POSITION 9 REVERSE.
           DISPLAY "- EN ARCH.NUMASI - LO CREA ? [ ]"
                  LINE 25 POSITION 11 REVERSE.
       OPCION-NUMASI.
           ACCEPT COD1 LINE 25 POSITION 41 REVERSE.
           IF COD1 = "S" OR COD1 = "s" OPEN OUTPUT NUMASI
                                       CLOSE NUMASI
                                       OPEN I-O NUMASI
                                       GO TO FIN-NUMASI.
           IF COD1 = "N" OR COD1 = "n" STOP RUN.
           IF COD1 NOT = "N" OR COD1 NOT = "n"
                   GO TO OPCION-NUMASI.
       FIN-NUMASI.
           DISPLAY SPACES SIZE 70 LINE 25 POSITION 1.
      *-------------------------------------------------
      * SISTEMA: -CONTABILIDAD GENERAL- (ERRORES)
      * NOMBRE RUTINA: NUMASI.ERR
      * VERSION: 001   FECHA: OCT'91
      *=================================================


