      *===============================================
      * ERROR EN ARCHIVO DE NUMERO
      *-----------------------------------------------
       I-O-NUMERO SECTION.
           USE AFTER STANDARD ERROR PROCEDURE ON NUMERO.
       I-O-CREAMUN.
      *     MOVE SPACES TO MEN-1 MEN-2 MEN-3 MEN-4 MEN-5.
      *     PERFORM MENS-PAN.
           DISPLAY SPACES LINE 25 POSITION 1 SIZE 79.
           DISPLAY " ERROR -" LINE 25 POSITION 1
                      REVERSE.
           DISPLAY ERRORES LINE 25 POSITION 9 REVERSE.
           DISPLAY "- EN ARCH.NUMERO - LO CREA ? [ ]"
                  LINE 25 POSITION 11 REVERSE.
       OPC-NUMERO.
           ACCEPT COD1 LINE 25 POSITION 41 REVERSE.
           IF COD1 = "S" OR COD1 = "s" OPEN OUTPUT NUMERO
                                       CLOSE NUMERO
                                       OPEN I-O NUMERO
                                       GO TO FIN-NUMERO.
           IF COD1 = "N" OR COD1 = "n" STOP RUN.
           IF COD1 NOT = "N" OR COD1 NOT = "n"
                   GO TO OPC-NUMERO.
       FIN-NUMERO.
           DISPLAY SPACES SIZE 70 LINE 25 POSITION 1.
      *-------------------------------------------------
      * SISTEMA: -GESTION COMERCIAL- (ERRORES)
      * NOMBRE RUTINA: NUMERO.ERR
      * VERSION: 001   FECHA: JUL'90
      *=================================================


