      *===============================================
      * ERROR EN ARCHIVO DE OPERACIONES
      *-----------------------------------------------
       I-O-OPERA  SECTION.
           USE AFTER STANDARD ERROR PROCEDURE ON OPERA.
       I-O-CREAOPE.
           DISPLAY " SE PRODUCE ERROR " LINE 25 POSITION 1
                      REVERSE.
           DISPLAY ERRORES LINE 25 POSITION 22 REVERSE.
           DISPLAY " EN ARCH. OPERAC. - LO CREO? [ ]"
                  LINE 25 POSITION 24 REVERSE.
       OPCION-OPE.
           ACCEPT COD1 LINE 25 POSITION 54 REVERSE.
           IF COD1 = "S" OR COD1 = "s" OPEN OUTPUT OPERA
                                       CLOSE OPERA
                                       OPEN I-O OPERA
                                       GO TO FIN-OPE.
           IF COD1 = "N" OR COD1 = "n" STOP RUN.
           IF COD1 NOT = "N" OR COD1 NOT = "n"
                   GO TO OPCION-OPE.
       FIN-OPE.
           DISPLAY SPACES SIZE 70 LINE 25 POSITION 1.
      *-------------------------------------------------
      * SISTEMA: -GESTION COMERCIAL- (ERRORES)
      * NOMBRE RUTINA: OPERA.ERR
      * VERSION: 001   FECHA: JUL'90
      *=================================================


