      *===============================================
      * ERROR EN ARCHIVO DE P-DE-CTAS.
      *-----------------------------------------------
       I-O-P-CTA SECTION.
           USE AFTER STANDARD ERROR PROCEDURE ON P-DE-CTAS.
       I-O-CREAP-CTA.
      *     MOVE SPACES TO MEN-1 MEN-2 MEN-3 MEN-4 MEN-5.
      *     PERFORM MENS-PAN.
           DISPLAY " ERROR -" LINE 25 POSITION 1
                      REVERSE.
           DISPLAY ERRORES LINE 25 POSITION 9 REVERSE.
           DISPLAY "- EN ARCH.P-CTA.- LO CREA ?  [ ]"
                  LINE 25 POSITION 11 REVERSE.
       OPC-P-CTA.
           ACCEPT COD1 LINE 25 POSITION 41 REVERSE.
           IF COD1 = "S" OR COD1 = "s" OPEN OUTPUT P-DE-CTAS
                                       CLOSE P-DE-CTAS
                                       OPEN I-O P-DE-CTAS
                                       GO TO FIN-P-CTA.
           IF COD1 = "N" OR COD1 = "n" STOP RUN.
           IF COD1 NOT = "N" OR COD1 NOT = "n"
                   GO TO OPC-P-CTA.
       FIN-P-CTA.
           DISPLAY SPACES SIZE 70 LINE 25 POSITION 1.
      *-------------------------------------------------
      * SISTEMA: -GESTION COMERCIAL- (ERRORES)
      * NOMBRE RUTINA: P-CTA.ERR
      * VERSION: 001   FECHA: SET'90
      *=================================================


