      *===============================================
      * ERROR EN ARCHIVO DE PLANES-CUENTAS
      *-----------------------------------------------
       I-O-PL-CUE SECTION.
           USE AFTER STANDARD ERROR PROCEDURE ON PL-CUE.
       I-O-CREACUE.
           MOVE SPACES TO MEN-1 MEN-2 MEN-3 MEN-4 MEN-5.
           PERFORM MENS-PAN.
           DISPLAY " ERROR -" LINE 25 POSITION 1
                      REVERSE.
           DISPLAY ERRORES LINE 25 POSITION 9 REVERSE.
           DISPLAY "- EN ARCH.CTA.PL- LO CREA ?  [ ]"
                  LINE 25 POSITION 11 REVERSE.
       OPC-PL-CUE.
           ACCEPT COD1 LINE 25 POSITION 41 REVERSE.
           IF COD1 = "S" OR COD1 = "s" OPEN OUTPUT PL-CUE
                                       CLOSE PL-CUE
                                       OPEN I-O PL-CUE
                                       GO TO FIN-PL-CUE.
           IF COD1 = "N" OR COD1 = "n" STOP RUN.
           IF COD1 NOT = "N" OR COD1 NOT = "n"
                   GO TO OPC-PL-CUE.
       FIN-PL-CUE.
           DISPLAY SPACES SIZE 70 LINE 25 POSITION 1.
      *-------------------------------------------------
      * SISTEMA: -GESTION COMERCIAL- (ERRORES)
      * NOMBRE RUTINA: PL-CUE.ERR
      * VERSION: 001   FECHA: SET'90
      *=================================================


