      *===============================================
      * ERROR EN ARCHIVO DE PLANES
      *-----------------------------------------------
       I-O-PL-PLAN SECTION.
           USE AFTER STANDARD ERROR PROCEDURE ON PL-PLAN.
       I-O-CREAPLAN.
           MOVE SPACES TO MEN-1 MEN-2 MEN-3 MEN-4 MEN-5.
           PERFORM MENS-PAN.
           DISPLAY " ERROR -" LINE 25 POSITION 1
                      REVERSE.
           DISPLAY ERRORES LINE 25 POSITION 9 REVERSE.
           DISPLAY "- EN ARCH.PLANES- LO CREA ?  [ ]"
                  LINE 25 POSITION 11 REVERSE.
       OPC-PL-PLAN.
           ACCEPT COD1 LINE 25 POSITION 41 REVERSE.
           IF COD1 = "S" OR COD1 = "s" OPEN OUTPUT PL-PLAN
                                       CLOSE PL-PLAN
                                       OPEN I-O PL-PLAN
                                       GO TO FIN-PL-PLAN.
           IF COD1 = "N" OR COD1 = "n" STOP RUN.
           IF COD1 NOT = "N" OR COD1 NOT = "n"
                   GO TO OPC-PL-PLAN.
       FIN-PL-PLAN.
           DISPLAY SPACES SIZE 70 LINE 25 POSITION 1.
      *-------------------------------------------------
      * SISTEMA: -GESTION COMERCIAL- (ERRORES)
      * NOMBRE RUTINA: PL-PLAN.ERR
      * VERSION: 001   FECHA: SET'90
      *=================================================


