      *===============================================
      * ERROR EN ARCHIVO DE PRODUNO
      *-----------------------------------------------
       I-O-PRODUNO SECTION.
           USE AFTER STANDARD ERROR PROCEDURE ON PRODUNO.
       I-O-CREAPROD.
           MOVE SPACES TO MEN-1 MEN-2 MEN-3 MEN-4 MEN-5.
           PERFORM MENS-PAN.
           DISPLAY " ERROR -" LINE 25 POSITION 1
                      REVERSE.
           DISPLAY ERRORES LINE 25 POSITION 9 REVERSE.
           DISPLAY "- EN ARCH.PRODUNO- LO CREA ? [ ]"
                  LINE 25 POSITION 11 REVERSE.
       OPC-PROD.
           ACCEPT COD1 LINE 25 POSITION 41 REVERSE.
           IF COD1 = "S" OR COD1 = "s" OPEN OUTPUT PRODUNO
                                       CLOSE PRODUNO
                                       OPEN I-O PRODUNO
                                       GO TO FIN-PROD.
           IF COD1 = "N" OR COD1 = "n" STOP RUN.
           IF COD1 NOT = "N" OR COD1 NOT = "n"
                   GO TO OPC-PROD.
       FIN-PROD.
           DISPLAY SPACES SIZE 70 LINE 25 POSITION 1.
      *-------------------------------------------------
      * SISTEMA: -ADM. MUNICIPAL- (ERRORES)
      * NOMBRE RUTINA: PRODUNO.ERR
      * VERSION: 001   FECHA: MAY'91
      *=================================================


