      *===============================================
      * ERROR EN ARCHIVO DE RENTAS Y SUCURSALES
      *-----------------------------------------------
       I-O-RENTAS SECTION.
           USE AFTER STANDARD ERROR PROCEDURE ON RENTAS.
       I-O-CREARENTAS.
      *     MOVE SPACES TO MEN-1 MEN-2 MEN-3 MEN-4 MEN-5.
      *     PERFORM MENS-PAN.
           DISPLAY SPACES LINE 25 POSITION 1 SIZE 79.
           DISPLAY " ERROR -" LINE 25 POSITION 1
                      REVERSE.
           DISPLAY ERRORES LINE 25 POSITION 9 REVERSE.
           DISPLAY "- EN ARCH.RENTAS- LO CREA ? [ ]"
                  LINE 25 POSITION 11 REVERSE.
       OPC-RENTAS.
           ACCEPT COD1 LINE 25 POSITION 41 REVERSE.
           IF COD1 = "S" OR COD1 = "s" OPEN OUTPUT RENTAS
                                       CLOSE RENTAS
                                       OPEN I-O RENTAS
                                       GO TO FIN-RENTAS.
           IF COD1 = "N" OR COD1 = "n" STOP RUN.
           IF COD1 NOT = "N" OR COD1 NOT = "n"
                   GO TO OPC-RENTAS.
       FIN-RENTAS.
           DISPLAY SPACES SIZE 70 LINE 25 POSITION 1.
      *-------------------------------------------------
      * SISTEMA: -GESTION COMERCIAL- (ERRORES)
      * NOMBRE RUTINA: RENTAS.ERR
      * VERSION: 001   FECHA: JUL'90
      *=================================================


