      *===============================================
      * ERROR EN ARCHIVO DE TARIFA
      *-----------------------------------------------
       I-O-TARIFA SECTION.
           USE AFTER STANDARD ERROR PROCEDURE ON TARIFA.
       I-O-CREATAR.
           MOVE SPACES TO MEN-1 MEN-2 MEN-3 MEN-4 MEN-5.
           PERFORM MENS-PAN.
           DISPLAY " ERROR -" LINE 25 POSITION 1
                      REVERSE.
           DISPLAY ERRORES LINE 25 POSITION 9 REVERSE.
           DISPLAY "- EN ARCH.TARIFA - LO CREA ? [ ]"
                  LINE 25 POSITION 11 REVERSE.
       OPC-TAR.
           ACCEPT COD1 LINE 25 POSITION 41 REVERSE.
           IF COD1 = "S" OR COD1 = "s" OPEN OUTPUT TARIFA
                                       CLOSE TARIFA
                                       OPEN I-O TARIFA
                                       GO TO FIN-TAR.
           IF COD1 = "N" OR COD1 = "n" STOP RUN.
           IF COD1 NOT = "N" OR COD1 NOT = "n"
                   GO TO OPC-TAR.
       FIN-TAR.
           DISPLAY SPACES SIZE 70 LINE 25 POSITION 1.
      *-------------------------------------------------
      * SISTEMA: -ADM. MUNICIPAL- (ERRORES)
      * NOMBRE RUTINA: TARIFA.ERR
      * VERSION: 001   FECHA: MAY'91
      *=================================================


